[20-Mar-2025 12:14:28 Asia/Tehran] SQLSTATE[42S22]: Column not found: 1054 Unknown column 'stock' in 'where clause'
[20-Mar-2025 12:14:28 Asia/Tehran] PHP Warning:  Trying to access array offset on value of type bool in C:\xampp\htdocs\shop_accounting\includes\functions.php on line 220
[20-Mar-2025 12:14:28 Asia/Tehran] SQLSTATE[42S22]: Column not found: 1054 Unknown column 'status' in 'where clause'
[20-Mar-2025 12:14:28 Asia/Tehran] SQLSTATE[42S22]: Column not found: 1054 Unknown column 'status' in 'where clause'
[20-Mar-2025 12:14:28 Asia/Tehran] PHP Warning:  Trying to access array offset on value of type bool in C:\xampp\htdocs\shop_accounting\dashboard.php on line 33
[20-Mar-2025 12:14:28 Asia/Tehran] SQLSTATE[42S22]: Column not found: 1054 Unknown column 'status' in 'where clause'
[20-Mar-2025 12:14:28 Asia/Tehran] PHP Warning:  Trying to access array offset on value of type bool in C:\xampp\htdocs\shop_accounting\dashboard.php on line 33
[20-Mar-2025 12:14:28 Asia/Tehran] SQLSTATE[42S22]: Column not found: 1054 Unknown column 'status' in 'where clause'
[20-Mar-2025 12:14:28 Asia/Tehran] PHP Warning:  Trying to access array offset on value of type bool in C:\xampp\htdocs\shop_accounting\dashboard.php on line 33
[20-Mar-2025 12:14:28 Asia/Tehran] SQLSTATE[42S22]: Column not found: 1054 Unknown column 'status' in 'where clause'
[20-Mar-2025 12:14:28 Asia/Tehran] PHP Warning:  Trying to access array offset on value of type bool in C:\xampp\htdocs\shop_accounting\dashboard.php on line 33
[20-Mar-2025 12:14:28 Asia/Tehran] SQLSTATE[42S22]: Column not found: 1054 Unknown column 'status' in 'where clause'
[20-Mar-2025 12:14:28 Asia/Tehran] PHP Warning:  Trying to access array offset on value of type bool in C:\xampp\htdocs\shop_accounting\dashboard.php on line 33
[20-Mar-2025 12:14:28 Asia/Tehran] SQLSTATE[42S22]: Column not found: 1054 Unknown column 'status' in 'where clause'
[20-Mar-2025 12:14:28 Asia/Tehran] PHP Warning:  Trying to access array offset on value of type bool in C:\xampp\htdocs\shop_accounting\dashboard.php on line 33
[20-Mar-2025 12:14:28 Asia/Tehran] SQLSTATE[42S22]: Column not found: 1054 Unknown column 'status' in 'where clause'
[20-Mar-2025 12:14:28 Asia/Tehran] PHP Warning:  Trying to access array offset on value of type bool in C:\xampp\htdocs\shop_accounting\dashboard.php on line 33
[20-Mar-2025 12:14:28 Asia/Tehran] SQLSTATE[42S22]: Column not found: 1054 Unknown column 'status' in 'where clause'
[20-Mar-2025 12:14:28 Asia/Tehran] SQLSTATE[42S22]: Column not found: 1054 Unknown column 'status' in 'where clause'
[20-Mar-2025 12:15:30 Asia/Tehran] SQLSTATE[42S22]: Column not found: 1054 Unknown column 'stock' in 'where clause'
[20-Mar-2025 12:15:30 Asia/Tehran] PHP Warning:  Trying to access array offset on value of type bool in C:\xampp\htdocs\shop_accounting\includes\functions.php on line 220
[20-Mar-2025 12:15:30 Asia/Tehran] SQLSTATE[42S22]: Column not found: 1054 Unknown column 'status' in 'where clause'
[20-Mar-2025 12:15:30 Asia/Tehran] SQLSTATE[42S22]: Column not found: 1054 Unknown column 'status' in 'where clause'
[20-Mar-2025 12:15:30 Asia/Tehran] PHP Warning:  Trying to access array offset on value of type bool in C:\xampp\htdocs\shop_accounting\dashboard.php on line 33
[20-Mar-2025 12:15:30 Asia/Tehran] SQLSTATE[42S22]: Column not found: 1054 Unknown column 'status' in 'where clause'
[20-Mar-2025 12:15:30 Asia/Tehran] PHP Warning:  Trying to access array offset on value of type bool in C:\xampp\htdocs\shop_accounting\dashboard.php on line 33
[20-Mar-2025 12:15:30 Asia/Tehran] SQLSTATE[42S22]: Column not found: 1054 Unknown column 'status' in 'where clause'
[20-Mar-2025 12:15:30 Asia/Tehran] PHP Warning:  Trying to access array offset on value of type bool in C:\xampp\htdocs\shop_accounting\dashboard.php on line 33
[20-Mar-2025 12:15:30 Asia/Tehran] SQLSTATE[42S22]: Column not found: 1054 Unknown column 'status' in 'where clause'
[20-Mar-2025 12:15:30 Asia/Tehran] PHP Warning:  Trying to access array offset on value of type bool in C:\xampp\htdocs\shop_accounting\dashboard.php on line 33
[20-Mar-2025 12:15:30 Asia/Tehran] SQLSTATE[42S22]: Column not found: 1054 Unknown column 'status' in 'where clause'
[20-Mar-2025 12:15:30 Asia/Tehran] PHP Warning:  Trying to access array offset on value of type bool in C:\xampp\htdocs\shop_accounting\dashboard.php on line 33
[20-Mar-2025 12:15:30 Asia/Tehran] SQLSTATE[42S22]: Column not found: 1054 Unknown column 'status' in 'where clause'
[20-Mar-2025 12:15:30 Asia/Tehran] PHP Warning:  Trying to access array offset on value of type bool in C:\xampp\htdocs\shop_accounting\dashboard.php on line 33
[20-Mar-2025 12:15:30 Asia/Tehran] SQLSTATE[42S22]: Column not found: 1054 Unknown column 'status' in 'where clause'
[20-Mar-2025 12:15:30 Asia/Tehran] PHP Warning:  Trying to access array offset on value of type bool in C:\xampp\htdocs\shop_accounting\dashboard.php on line 33
[20-Mar-2025 12:15:30 Asia/Tehran] SQLSTATE[42S22]: Column not found: 1054 Unknown column 'status' in 'where clause'
[20-Mar-2025 12:15:30 Asia/Tehran] SQLSTATE[42S22]: Column not found: 1054 Unknown column 'status' in 'where clause'
[20-Mar-2025 12:18:23 Asia/Tehran] SQLSTATE[42S22]: Column not found: 1054 Unknown column 'status' in 'where clause'
[20-Mar-2025 12:18:23 Asia/Tehran] SQLSTATE[42S22]: Column not found: 1054 Unknown column 'status' in 'where clause'
[20-Mar-2025 12:18:23 Asia/Tehran] SQLSTATE[42S22]: Column not found: 1054 Unknown column 'status' in 'where clause'
[20-Mar-2025 12:18:23 Asia/Tehran] SQLSTATE[42S22]: Column not found: 1054 Unknown column 'status' in 'where clause'
[20-Mar-2025 12:18:23 Asia/Tehran] SQLSTATE[42S22]: Column not found: 1054 Unknown column 'status' in 'where clause'
[20-Mar-2025 12:18:23 Asia/Tehran] SQLSTATE[42S22]: Column not found: 1054 Unknown column 'status' in 'where clause'
[20-Mar-2025 12:18:23 Asia/Tehran] SQLSTATE[42S22]: Column not found: 1054 Unknown column 'status' in 'where clause'
[20-Mar-2025 12:18:23 Asia/Tehran] SQLSTATE[42S22]: Column not found: 1054 Unknown column 'stock' in 'where clause'
[20-Mar-2025 12:18:23 Asia/Tehran] PHP Warning:  Trying to access array offset on value of type bool in C:\xampp\htdocs\shop_accounting\includes\functions.php on line 220
[20-Mar-2025 12:18:23 Asia/Tehran] SQLSTATE[42S22]: Column not found: 1054 Unknown column 'status' in 'where clause'
[20-Mar-2025 12:18:23 Asia/Tehran] SQLSTATE[42S22]: Column not found: 1054 Unknown column 'status' in 'where clause'
[20-Mar-2025 12:18:23 Asia/Tehran] SQLSTATE[42S22]: Column not found: 1054 Unknown column 'status' in 'where clause'
[20-Mar-2025 12:18:23 Asia/Tehran] PHP Deprecated:  number_format(): Passing null to parameter #1 ($num) of type float is deprecated in C:\xampp\htdocs\shop_accounting\dashboard.php on line 117
[20-Mar-2025 12:18:38 Asia/Tehran] SQLSTATE[42S22]: Column not found: 1054 Unknown column 'status' in 'where clause'
[20-Mar-2025 12:18:38 Asia/Tehran] SQLSTATE[42S22]: Column not found: 1054 Unknown column 'status' in 'where clause'
[20-Mar-2025 12:18:38 Asia/Tehran] SQLSTATE[42S22]: Column not found: 1054 Unknown column 'status' in 'where clause'
[20-Mar-2025 12:18:38 Asia/Tehran] SQLSTATE[42S22]: Column not found: 1054 Unknown column 'status' in 'where clause'
[20-Mar-2025 12:18:38 Asia/Tehran] SQLSTATE[42S22]: Column not found: 1054 Unknown column 'status' in 'where clause'
[20-Mar-2025 12:18:38 Asia/Tehran] SQLSTATE[42S22]: Column not found: 1054 Unknown column 'status' in 'where clause'
[20-Mar-2025 12:18:38 Asia/Tehran] SQLSTATE[42S22]: Column not found: 1054 Unknown column 'status' in 'where clause'
[20-Mar-2025 12:18:38 Asia/Tehran] SQLSTATE[42S22]: Column not found: 1054 Unknown column 'stock' in 'where clause'
[20-Mar-2025 12:18:38 Asia/Tehran] PHP Warning:  Trying to access array offset on value of type bool in C:\xampp\htdocs\shop_accounting\includes\functions.php on line 220
[20-Mar-2025 12:18:38 Asia/Tehran] SQLSTATE[42S22]: Column not found: 1054 Unknown column 'status' in 'where clause'
[20-Mar-2025 12:18:38 Asia/Tehran] SQLSTATE[42S22]: Column not found: 1054 Unknown column 'status' in 'where clause'
[20-Mar-2025 12:18:38 Asia/Tehran] SQLSTATE[42S22]: Column not found: 1054 Unknown column 'status' in 'where clause'
[20-Mar-2025 12:18:38 Asia/Tehran] PHP Deprecated:  number_format(): Passing null to parameter #1 ($num) of type float is deprecated in C:\xampp\htdocs\shop_accounting\dashboard.php on line 117
[20-Mar-2025 12:20:41 Asia/Tehran] خطا در دیتابیس: SQLSTATE[42S22]: Column not found: 1054 Unknown column 'DATE(created_at)' in 'where clause'
[20-Mar-2025 12:20:41 Asia/Tehran] خطا در دیتابیس: SQLSTATE[42S22]: Column not found: 1054 Unknown column 'DATE(created_at)' in 'where clause'
[20-Mar-2025 12:20:41 Asia/Tehran] خطا در دیتابیس: SQLSTATE[42S22]: Column not found: 1054 Unknown column 'DATE(created_at)' in 'where clause'
[20-Mar-2025 12:20:41 Asia/Tehran] خطا در دیتابیس: SQLSTATE[42S22]: Column not found: 1054 Unknown column 'DATE(created_at)' in 'where clause'
[20-Mar-2025 12:20:41 Asia/Tehran] خطا در دیتابیس: SQLSTATE[42S22]: Column not found: 1054 Unknown column 'DATE(created_at)' in 'where clause'
[20-Mar-2025 12:20:41 Asia/Tehran] خطا در دیتابیس: SQLSTATE[42S22]: Column not found: 1054 Unknown column 'DATE(created_at)' in 'where clause'
[20-Mar-2025 12:20:41 Asia/Tehran] خطا در دیتابیس: SQLSTATE[42S22]: Column not found: 1054 Unknown column 'DATE(created_at)' in 'where clause'
[20-Mar-2025 12:20:41 Asia/Tehran] خطا در دیتابیس: SQLSTATE[42S22]: Column not found: 1054 Unknown column 'stock' in 'where clause'
[20-Mar-2025 12:20:41 Asia/Tehran] خطا در دیتابیس: SQLSTATE[42S22]: Column not found: 1054 Unknown column 'stock' in 'where clause'
[20-Mar-2025 12:20:41 Asia/Tehran] خطا در دیتابیس: SQLSTATE[42S22]: Column not found: 1054 Unknown column 'DATE(created_at)' in 'where clause'
[20-Mar-2025 12:20:41 Asia/Tehran] خطا در دیتابیس: SQLSTATE[42S22]: Column not found: 1054 Unknown column 'status' in 'where clause'
[20-Mar-2025 12:20:41 Asia/Tehran] خطا در دیتابیس: SQLSTATE[42S22]: Column not found: 1054 Unknown column 'stock' in 'where clause'
[20-Mar-2025 12:20:48 Asia/Tehran] خطا در دیتابیس: SQLSTATE[42S22]: Column not found: 1054 Unknown column 'DATE(created_at)' in 'where clause'
[20-Mar-2025 12:20:48 Asia/Tehran] خطا در دیتابیس: SQLSTATE[42S22]: Column not found: 1054 Unknown column 'DATE(created_at)' in 'where clause'
[20-Mar-2025 12:20:48 Asia/Tehran] خطا در دیتابیس: SQLSTATE[42S22]: Column not found: 1054 Unknown column 'DATE(created_at)' in 'where clause'
[20-Mar-2025 12:20:48 Asia/Tehran] خطا در دیتابیس: SQLSTATE[42S22]: Column not found: 1054 Unknown column 'DATE(created_at)' in 'where clause'
[20-Mar-2025 12:20:48 Asia/Tehran] خطا در دیتابیس: SQLSTATE[42S22]: Column not found: 1054 Unknown column 'DATE(created_at)' in 'where clause'
[20-Mar-2025 12:20:48 Asia/Tehran] خطا در دیتابیس: SQLSTATE[42S22]: Column not found: 1054 Unknown column 'DATE(created_at)' in 'where clause'
[20-Mar-2025 12:20:48 Asia/Tehran] خطا در دیتابیس: SQLSTATE[42S22]: Column not found: 1054 Unknown column 'DATE(created_at)' in 'where clause'
[20-Mar-2025 12:20:48 Asia/Tehran] خطا در دیتابیس: SQLSTATE[42S22]: Column not found: 1054 Unknown column 'stock' in 'where clause'
[20-Mar-2025 12:20:48 Asia/Tehran] خطا در دیتابیس: SQLSTATE[42S22]: Column not found: 1054 Unknown column 'stock' in 'where clause'
[20-Mar-2025 12:20:48 Asia/Tehran] خطا در دیتابیس: SQLSTATE[42S22]: Column not found: 1054 Unknown column 'DATE(created_at)' in 'where clause'
[20-Mar-2025 12:20:48 Asia/Tehran] خطا در دیتابیس: SQLSTATE[42S22]: Column not found: 1054 Unknown column 'status' in 'where clause'
[20-Mar-2025 12:20:48 Asia/Tehran] خطا در دیتابیس: SQLSTATE[42S22]: Column not found: 1054 Unknown column 'stock' in 'where clause'
[20-Mar-2025 12:20:54 Asia/Tehran] خطا در دیتابیس: SQLSTATE[42S22]: Column not found: 1054 Unknown column 'DATE(created_at)' in 'where clause'
[20-Mar-2025 12:20:54 Asia/Tehran] خطا در دیتابیس: SQLSTATE[42S22]: Column not found: 1054 Unknown column 'DATE(created_at)' in 'where clause'
[20-Mar-2025 12:20:54 Asia/Tehran] خطا در دیتابیس: SQLSTATE[42S22]: Column not found: 1054 Unknown column 'DATE(created_at)' in 'where clause'
[20-Mar-2025 12:20:54 Asia/Tehran] خطا در دیتابیس: SQLSTATE[42S22]: Column not found: 1054 Unknown column 'DATE(created_at)' in 'where clause'
[20-Mar-2025 12:20:54 Asia/Tehran] خطا در دیتابیس: SQLSTATE[42S22]: Column not found: 1054 Unknown column 'DATE(created_at)' in 'where clause'
[20-Mar-2025 12:20:54 Asia/Tehran] خطا در دیتابیس: SQLSTATE[42S22]: Column not found: 1054 Unknown column 'DATE(created_at)' in 'where clause'
[20-Mar-2025 12:20:54 Asia/Tehran] خطا در دیتابیس: SQLSTATE[42S22]: Column not found: 1054 Unknown column 'DATE(created_at)' in 'where clause'
[20-Mar-2025 12:20:54 Asia/Tehran] خطا در دیتابیس: SQLSTATE[42S22]: Column not found: 1054 Unknown column 'stock' in 'where clause'
[20-Mar-2025 12:20:54 Asia/Tehran] خطا در دیتابیس: SQLSTATE[42S22]: Column not found: 1054 Unknown column 'stock' in 'where clause'
[20-Mar-2025 12:20:54 Asia/Tehran] خطا در دیتابیس: SQLSTATE[42S22]: Column not found: 1054 Unknown column 'DATE(created_at)' in 'where clause'
[20-Mar-2025 12:20:54 Asia/Tehran] خطا در دیتابیس: SQLSTATE[42S22]: Column not found: 1054 Unknown column 'status' in 'where clause'
[20-Mar-2025 12:20:54 Asia/Tehran] خطا در دیتابیس: SQLSTATE[42S22]: Column not found: 1054 Unknown column 'stock' in 'where clause'
[20-Mar-2025 12:23:44 Asia/Tehran] خطا در دیتابیس: SQLSTATE[42S22]: Column not found: 1054 Unknown column 'DATE(created_at)' in 'where clause'
[20-Mar-2025 12:23:44 Asia/Tehran] خطا در دیتابیس: SQLSTATE[42S22]: Column not found: 1054 Unknown column 'DATE(created_at)' in 'where clause'
[20-Mar-2025 12:23:44 Asia/Tehran] خطا در دیتابیس: SQLSTATE[42S22]: Column not found: 1054 Unknown column 'DATE(created_at)' in 'where clause'
[20-Mar-2025 12:23:44 Asia/Tehran] خطا در دیتابیس: SQLSTATE[42S22]: Column not found: 1054 Unknown column 'DATE(created_at)' in 'where clause'
[20-Mar-2025 12:23:44 Asia/Tehran] خطا در دیتابیس: SQLSTATE[42S22]: Column not found: 1054 Unknown column 'DATE(created_at)' in 'where clause'
[20-Mar-2025 12:23:44 Asia/Tehran] خطا در دیتابیس: SQLSTATE[42S22]: Column not found: 1054 Unknown column 'DATE(created_at)' in 'where clause'
[20-Mar-2025 12:23:44 Asia/Tehran] خطا در دیتابیس: SQLSTATE[42S22]: Column not found: 1054 Unknown column 'DATE(created_at)' in 'where clause'
[20-Mar-2025 12:23:44 Asia/Tehran] خطا در دیتابیس: SQLSTATE[42S22]: Column not found: 1054 Unknown column 'stock' in 'where clause'
[20-Mar-2025 12:23:44 Asia/Tehran] خطا در دیتابیس: SQLSTATE[42S22]: Column not found: 1054 Unknown column 'stock' in 'where clause'
[20-Mar-2025 12:23:44 Asia/Tehran] خطا در دیتابیس: SQLSTATE[42S22]: Column not found: 1054 Unknown column 'DATE(created_at)' in 'where clause'
[20-Mar-2025 12:23:44 Asia/Tehran] خطا در دیتابیس: SQLSTATE[42S22]: Column not found: 1054 Unknown column 'status' in 'where clause'
[20-Mar-2025 12:23:44 Asia/Tehran] خطا در دیتابیس: SQLSTATE[42S22]: Column not found: 1054 Unknown column 'stock' in 'where clause'
[20-Mar-2025 12:23:46 Asia/Tehran] خطا در دیتابیس: SQLSTATE[42S22]: Column not found: 1054 Unknown column 'DATE(created_at)' in 'where clause'
[20-Mar-2025 12:23:46 Asia/Tehran] خطا در دیتابیس: SQLSTATE[42S22]: Column not found: 1054 Unknown column 'DATE(created_at)' in 'where clause'
[20-Mar-2025 12:23:46 Asia/Tehran] خطا در دیتابیس: SQLSTATE[42S22]: Column not found: 1054 Unknown column 'DATE(created_at)' in 'where clause'
[20-Mar-2025 12:23:46 Asia/Tehran] خطا در دیتابیس: SQLSTATE[42S22]: Column not found: 1054 Unknown column 'DATE(created_at)' in 'where clause'
[20-Mar-2025 12:23:46 Asia/Tehran] خطا در دیتابیس: SQLSTATE[42S22]: Column not found: 1054 Unknown column 'DATE(created_at)' in 'where clause'
[20-Mar-2025 12:23:46 Asia/Tehran] خطا در دیتابیس: SQLSTATE[42S22]: Column not found: 1054 Unknown column 'DATE(created_at)' in 'where clause'
[20-Mar-2025 12:23:46 Asia/Tehran] خطا در دیتابیس: SQLSTATE[42S22]: Column not found: 1054 Unknown column 'DATE(created_at)' in 'where clause'
[20-Mar-2025 12:23:46 Asia/Tehran] خطا در دیتابیس: SQLSTATE[42S22]: Column not found: 1054 Unknown column 'stock' in 'where clause'
[20-Mar-2025 12:23:46 Asia/Tehran] خطا در دیتابیس: SQLSTATE[42S22]: Column not found: 1054 Unknown column 'stock' in 'where clause'
[20-Mar-2025 12:23:46 Asia/Tehran] خطا در دیتابیس: SQLSTATE[42S22]: Column not found: 1054 Unknown column 'DATE(created_at)' in 'where clause'
[20-Mar-2025 12:23:46 Asia/Tehran] خطا در دیتابیس: SQLSTATE[42S22]: Column not found: 1054 Unknown column 'status' in 'where clause'
[20-Mar-2025 12:23:46 Asia/Tehran] خطا در دیتابیس: SQLSTATE[42S22]: Column not found: 1054 Unknown column 'stock' in 'where clause'
[20-Mar-2025 12:23:52 Asia/Tehran] خطا در دیتابیس: SQLSTATE[42S22]: Column not found: 1054 Unknown column 'DATE(created_at)' in 'where clause'
[20-Mar-2025 12:23:52 Asia/Tehran] خطا در دیتابیس: SQLSTATE[42S22]: Column not found: 1054 Unknown column 'DATE(created_at)' in 'where clause'
[20-Mar-2025 12:23:52 Asia/Tehran] خطا در دیتابیس: SQLSTATE[42S22]: Column not found: 1054 Unknown column 'DATE(created_at)' in 'where clause'
[20-Mar-2025 12:23:52 Asia/Tehran] خطا در دیتابیس: SQLSTATE[42S22]: Column not found: 1054 Unknown column 'DATE(created_at)' in 'where clause'
[20-Mar-2025 12:23:52 Asia/Tehran] خطا در دیتابیس: SQLSTATE[42S22]: Column not found: 1054 Unknown column 'DATE(created_at)' in 'where clause'
[20-Mar-2025 12:23:52 Asia/Tehran] خطا در دیتابیس: SQLSTATE[42S22]: Column not found: 1054 Unknown column 'DATE(created_at)' in 'where clause'
[20-Mar-2025 12:23:52 Asia/Tehran] خطا در دیتابیس: SQLSTATE[42S22]: Column not found: 1054 Unknown column 'DATE(created_at)' in 'where clause'
[20-Mar-2025 12:23:52 Asia/Tehran] خطا در دیتابیس: SQLSTATE[42S22]: Column not found: 1054 Unknown column 'stock' in 'where clause'
[20-Mar-2025 12:23:52 Asia/Tehran] خطا در دیتابیس: SQLSTATE[42S22]: Column not found: 1054 Unknown column 'stock' in 'where clause'
[20-Mar-2025 12:23:52 Asia/Tehran] خطا در دیتابیس: SQLSTATE[42S22]: Column not found: 1054 Unknown column 'DATE(created_at)' in 'where clause'
[20-Mar-2025 12:23:52 Asia/Tehran] خطا در دیتابیس: SQLSTATE[42S22]: Column not found: 1054 Unknown column 'status' in 'where clause'
[20-Mar-2025 12:23:52 Asia/Tehran] خطا در دیتابیس: SQLSTATE[42S22]: Column not found: 1054 Unknown column 'stock' in 'where clause'
[20-Mar-2025 12:25:46 Asia/Tehran] خطا در دیتابیس: SQLSTATE[42S22]: Column not found: 1054 Unknown column 'DATE(created_at)' in 'where clause'
[20-Mar-2025 12:25:46 Asia/Tehran] خطا در دیتابیس: SQLSTATE[42S22]: Column not found: 1054 Unknown column 'DATE(created_at)' in 'where clause'
[20-Mar-2025 12:25:46 Asia/Tehran] خطا در دیتابیس: SQLSTATE[42S22]: Column not found: 1054 Unknown column 'DATE(created_at)' in 'where clause'
[20-Mar-2025 12:25:46 Asia/Tehran] خطا در دیتابیس: SQLSTATE[42S22]: Column not found: 1054 Unknown column 'DATE(created_at)' in 'where clause'
[20-Mar-2025 12:25:46 Asia/Tehran] خطا در دیتابیس: SQLSTATE[42S22]: Column not found: 1054 Unknown column 'DATE(created_at)' in 'where clause'
[20-Mar-2025 12:25:46 Asia/Tehran] خطا در دیتابیس: SQLSTATE[42S22]: Column not found: 1054 Unknown column 'DATE(created_at)' in 'where clause'
[20-Mar-2025 12:25:46 Asia/Tehran] خطا در دیتابیس: SQLSTATE[42S22]: Column not found: 1054 Unknown column 'DATE(created_at)' in 'where clause'
[20-Mar-2025 12:25:46 Asia/Tehran] خطا در دیتابیس: SQLSTATE[42S22]: Column not found: 1054 Unknown column 'stock' in 'where clause'
[20-Mar-2025 12:25:46 Asia/Tehran] خطا در دیتابیس: SQLSTATE[42S22]: Column not found: 1054 Unknown column 'stock' in 'where clause'
[20-Mar-2025 12:25:46 Asia/Tehran] خطا در دیتابیس: SQLSTATE[42S22]: Column not found: 1054 Unknown column 'DATE(created_at)' in 'where clause'
[20-Mar-2025 12:25:46 Asia/Tehran] خطا در دیتابیس: SQLSTATE[42S22]: Column not found: 1054 Unknown column 'status' in 'where clause'
[20-Mar-2025 12:25:46 Asia/Tehran] خطا در دیتابیس: SQLSTATE[42S22]: Column not found: 1054 Unknown column 'stock' in 'where clause'
[20-Mar-2025 12:25:48 Asia/Tehran] خطا در دیتابیس: SQLSTATE[42S22]: Column not found: 1054 Unknown column 'DATE(created_at)' in 'where clause'
[20-Mar-2025 12:25:48 Asia/Tehran] خطا در دیتابیس: SQLSTATE[42S22]: Column not found: 1054 Unknown column 'DATE(created_at)' in 'where clause'
[20-Mar-2025 12:25:48 Asia/Tehran] خطا در دیتابیس: SQLSTATE[42S22]: Column not found: 1054 Unknown column 'DATE(created_at)' in 'where clause'
[20-Mar-2025 12:25:48 Asia/Tehran] خطا در دیتابیس: SQLSTATE[42S22]: Column not found: 1054 Unknown column 'DATE(created_at)' in 'where clause'
[20-Mar-2025 12:25:48 Asia/Tehran] خطا در دیتابیس: SQLSTATE[42S22]: Column not found: 1054 Unknown column 'DATE(created_at)' in 'where clause'
[20-Mar-2025 12:25:48 Asia/Tehran] خطا در دیتابیس: SQLSTATE[42S22]: Column not found: 1054 Unknown column 'DATE(created_at)' in 'where clause'
[20-Mar-2025 12:25:48 Asia/Tehran] خطا در دیتابیس: SQLSTATE[42S22]: Column not found: 1054 Unknown column 'DATE(created_at)' in 'where clause'
[20-Mar-2025 12:25:48 Asia/Tehran] خطا در دیتابیس: SQLSTATE[42S22]: Column not found: 1054 Unknown column 'stock' in 'where clause'
[20-Mar-2025 12:25:48 Asia/Tehran] خطا در دیتابیس: SQLSTATE[42S22]: Column not found: 1054 Unknown column 'stock' in 'where clause'
[20-Mar-2025 12:25:48 Asia/Tehran] خطا در دیتابیس: SQLSTATE[42S22]: Column not found: 1054 Unknown column 'DATE(created_at)' in 'where clause'
[20-Mar-2025 12:25:48 Asia/Tehran] خطا در دیتابیس: SQLSTATE[42S22]: Column not found: 1054 Unknown column 'status' in 'where clause'
[20-Mar-2025 12:25:48 Asia/Tehran] خطا در دیتابیس: SQLSTATE[42S22]: Column not found: 1054 Unknown column 'stock' in 'where clause'
[20-Mar-2025 12:26:12 Asia/Tehran] خطا در دیتابیس: SQLSTATE[42S22]: Column not found: 1054 Unknown column 'DATE(created_at)' in 'where clause'
[20-Mar-2025 12:26:12 Asia/Tehran] خطا در دیتابیس: SQLSTATE[42S22]: Column not found: 1054 Unknown column 'DATE(created_at)' in 'where clause'
[20-Mar-2025 12:26:12 Asia/Tehran] خطا در دیتابیس: SQLSTATE[42S22]: Column not found: 1054 Unknown column 'DATE(created_at)' in 'where clause'
[20-Mar-2025 12:26:12 Asia/Tehran] خطا در دیتابیس: SQLSTATE[42S22]: Column not found: 1054 Unknown column 'DATE(created_at)' in 'where clause'
[20-Mar-2025 12:26:12 Asia/Tehran] خطا در دیتابیس: SQLSTATE[42S22]: Column not found: 1054 Unknown column 'DATE(created_at)' in 'where clause'
[20-Mar-2025 12:26:12 Asia/Tehran] خطا در دیتابیس: SQLSTATE[42S22]: Column not found: 1054 Unknown column 'DATE(created_at)' in 'where clause'
[20-Mar-2025 12:26:12 Asia/Tehran] خطا در دیتابیس: SQLSTATE[42S22]: Column not found: 1054 Unknown column 'DATE(created_at)' in 'where clause'
[20-Mar-2025 12:26:12 Asia/Tehran] خطا در دیتابیس: SQLSTATE[42S22]: Column not found: 1054 Unknown column 'stock' in 'where clause'
[20-Mar-2025 12:26:12 Asia/Tehran] خطا در دیتابیس: SQLSTATE[42S22]: Column not found: 1054 Unknown column 'stock' in 'where clause'
[20-Mar-2025 12:26:12 Asia/Tehran] خطا در دیتابیس: SQLSTATE[42S22]: Column not found: 1054 Unknown column 'DATE(created_at)' in 'where clause'
[20-Mar-2025 12:26:12 Asia/Tehran] خطا در دیتابیس: SQLSTATE[42S22]: Column not found: 1054 Unknown column 'status' in 'where clause'
[20-Mar-2025 12:26:12 Asia/Tehran] خطا در دیتابیس: SQLSTATE[42S22]: Column not found: 1054 Unknown column 'stock' in 'where clause'
[20-Mar-2025 12:26:15 Asia/Tehran] خطا در دیتابیس: SQLSTATE[42S22]: Column not found: 1054 Unknown column 'DATE(created_at)' in 'where clause'
[20-Mar-2025 12:26:15 Asia/Tehran] خطا در دیتابیس: SQLSTATE[42S22]: Column not found: 1054 Unknown column 'DATE(created_at)' in 'where clause'
[20-Mar-2025 12:26:15 Asia/Tehran] خطا در دیتابیس: SQLSTATE[42S22]: Column not found: 1054 Unknown column 'DATE(created_at)' in 'where clause'
[20-Mar-2025 12:26:15 Asia/Tehran] خطا در دیتابیس: SQLSTATE[42S22]: Column not found: 1054 Unknown column 'DATE(created_at)' in 'where clause'
[20-Mar-2025 12:26:15 Asia/Tehran] خطا در دیتابیس: SQLSTATE[42S22]: Column not found: 1054 Unknown column 'DATE(created_at)' in 'where clause'
[20-Mar-2025 12:26:15 Asia/Tehran] خطا در دیتابیس: SQLSTATE[42S22]: Column not found: 1054 Unknown column 'DATE(created_at)' in 'where clause'
[20-Mar-2025 12:26:15 Asia/Tehran] خطا در دیتابیس: SQLSTATE[42S22]: Column not found: 1054 Unknown column 'DATE(created_at)' in 'where clause'
[20-Mar-2025 12:26:15 Asia/Tehran] خطا در دیتابیس: SQLSTATE[42S22]: Column not found: 1054 Unknown column 'stock' in 'where clause'
[20-Mar-2025 12:26:15 Asia/Tehran] خطا در دیتابیس: SQLSTATE[42S22]: Column not found: 1054 Unknown column 'stock' in 'where clause'
[20-Mar-2025 12:26:15 Asia/Tehran] خطا در دیتابیس: SQLSTATE[42S22]: Column not found: 1054 Unknown column 'DATE(created_at)' in 'where clause'
[20-Mar-2025 12:26:15 Asia/Tehran] خطا در دیتابیس: SQLSTATE[42S22]: Column not found: 1054 Unknown column 'status' in 'where clause'
[20-Mar-2025 12:26:15 Asia/Tehran] خطا در دیتابیس: SQLSTATE[42S22]: Column not found: 1054 Unknown column 'stock' in 'where clause'
[20-Mar-2025 12:26:18 Asia/Tehran] خطا در دیتابیس: SQLSTATE[42S22]: Column not found: 1054 Unknown column 'DATE(created_at)' in 'where clause'
[20-Mar-2025 12:26:18 Asia/Tehran] خطا در دیتابیس: SQLSTATE[42S22]: Column not found: 1054 Unknown column 'DATE(created_at)' in 'where clause'
[20-Mar-2025 12:26:18 Asia/Tehran] خطا در دیتابیس: SQLSTATE[42S22]: Column not found: 1054 Unknown column 'DATE(created_at)' in 'where clause'
[20-Mar-2025 12:26:18 Asia/Tehran] خطا در دیتابیس: SQLSTATE[42S22]: Column not found: 1054 Unknown column 'DATE(created_at)' in 'where clause'
[20-Mar-2025 12:26:18 Asia/Tehran] خطا در دیتابیس: SQLSTATE[42S22]: Column not found: 1054 Unknown column 'DATE(created_at)' in 'where clause'
[20-Mar-2025 12:26:18 Asia/Tehran] خطا در دیتابیس: SQLSTATE[42S22]: Column not found: 1054 Unknown column 'DATE(created_at)' in 'where clause'
[20-Mar-2025 12:26:18 Asia/Tehran] خطا در دیتابیس: SQLSTATE[42S22]: Column not found: 1054 Unknown column 'DATE(created_at)' in 'where clause'
[20-Mar-2025 12:26:18 Asia/Tehran] خطا در دیتابیس: SQLSTATE[42S22]: Column not found: 1054 Unknown column 'stock' in 'where clause'
[20-Mar-2025 12:26:18 Asia/Tehran] خطا در دیتابیس: SQLSTATE[42S22]: Column not found: 1054 Unknown column 'stock' in 'where clause'
[20-Mar-2025 12:26:18 Asia/Tehran] خطا در دیتابیس: SQLSTATE[42S22]: Column not found: 1054 Unknown column 'DATE(created_at)' in 'where clause'
[20-Mar-2025 12:26:18 Asia/Tehran] خطا در دیتابیس: SQLSTATE[42S22]: Column not found: 1054 Unknown column 'status' in 'where clause'
[20-Mar-2025 12:26:18 Asia/Tehran] خطا در دیتابیس: SQLSTATE[42S22]: Column not found: 1054 Unknown column 'stock' in 'where clause'
[20-Mar-2025 12:26:20 Asia/Tehran] خطا در دیتابیس: SQLSTATE[42S22]: Column not found: 1054 Unknown column 'DATE(created_at)' in 'where clause'
[20-Mar-2025 12:26:20 Asia/Tehran] خطا در دیتابیس: SQLSTATE[42S22]: Column not found: 1054 Unknown column 'DATE(created_at)' in 'where clause'
[20-Mar-2025 12:26:20 Asia/Tehran] خطا در دیتابیس: SQLSTATE[42S22]: Column not found: 1054 Unknown column 'DATE(created_at)' in 'where clause'
[20-Mar-2025 12:26:20 Asia/Tehran] خطا در دیتابیس: SQLSTATE[42S22]: Column not found: 1054 Unknown column 'DATE(created_at)' in 'where clause'
[20-Mar-2025 12:26:20 Asia/Tehran] خطا در دیتابیس: SQLSTATE[42S22]: Column not found: 1054 Unknown column 'DATE(created_at)' in 'where clause'
[20-Mar-2025 12:26:20 Asia/Tehran] خطا در دیتابیس: SQLSTATE[42S22]: Column not found: 1054 Unknown column 'DATE(created_at)' in 'where clause'
[20-Mar-2025 12:26:20 Asia/Tehran] خطا در دیتابیس: SQLSTATE[42S22]: Column not found: 1054 Unknown column 'DATE(created_at)' in 'where clause'
[20-Mar-2025 12:26:20 Asia/Tehran] خطا در دیتابیس: SQLSTATE[42S22]: Column not found: 1054 Unknown column 'stock' in 'where clause'
[20-Mar-2025 12:26:20 Asia/Tehran] خطا در دیتابیس: SQLSTATE[42S22]: Column not found: 1054 Unknown column 'stock' in 'where clause'
[20-Mar-2025 12:26:20 Asia/Tehran] خطا در دیتابیس: SQLSTATE[42S22]: Column not found: 1054 Unknown column 'DATE(created_at)' in 'where clause'
[20-Mar-2025 12:26:20 Asia/Tehran] خطا در دیتابیس: SQLSTATE[42S22]: Column not found: 1054 Unknown column 'status' in 'where clause'
[20-Mar-2025 12:26:20 Asia/Tehran] خطا در دیتابیس: SQLSTATE[42S22]: Column not found: 1054 Unknown column 'stock' in 'where clause'
[20-Mar-2025 12:26:23 Asia/Tehran] خطا در دیتابیس: SQLSTATE[42S22]: Column not found: 1054 Unknown column 'DATE(created_at)' in 'where clause'
[20-Mar-2025 12:26:23 Asia/Tehran] خطا در دیتابیس: SQLSTATE[42S22]: Column not found: 1054 Unknown column 'DATE(created_at)' in 'where clause'
[20-Mar-2025 12:26:23 Asia/Tehran] خطا در دیتابیس: SQLSTATE[42S22]: Column not found: 1054 Unknown column 'DATE(created_at)' in 'where clause'
[20-Mar-2025 12:26:23 Asia/Tehran] خطا در دیتابیس: SQLSTATE[42S22]: Column not found: 1054 Unknown column 'DATE(created_at)' in 'where clause'
[20-Mar-2025 12:26:23 Asia/Tehran] خطا در دیتابیس: SQLSTATE[42S22]: Column not found: 1054 Unknown column 'DATE(created_at)' in 'where clause'
[20-Mar-2025 12:26:23 Asia/Tehran] خطا در دیتابیس: SQLSTATE[42S22]: Column not found: 1054 Unknown column 'DATE(created_at)' in 'where clause'
[20-Mar-2025 12:26:23 Asia/Tehran] خطا در دیتابیس: SQLSTATE[42S22]: Column not found: 1054 Unknown column 'DATE(created_at)' in 'where clause'
[20-Mar-2025 12:26:23 Asia/Tehran] خطا در دیتابیس: SQLSTATE[42S22]: Column not found: 1054 Unknown column 'stock' in 'where clause'
[20-Mar-2025 12:26:23 Asia/Tehran] خطا در دیتابیس: SQLSTATE[42S22]: Column not found: 1054 Unknown column 'stock' in 'where clause'
[20-Mar-2025 12:26:23 Asia/Tehran] خطا در دیتابیس: SQLSTATE[42S22]: Column not found: 1054 Unknown column 'DATE(created_at)' in 'where clause'
[20-Mar-2025 12:26:23 Asia/Tehran] خطا در دیتابیس: SQLSTATE[42S22]: Column not found: 1054 Unknown column 'status' in 'where clause'
[20-Mar-2025 12:26:23 Asia/Tehran] خطا در دیتابیس: SQLSTATE[42S22]: Column not found: 1054 Unknown column 'stock' in 'where clause'
[20-Mar-2025 12:26:32 Asia/Tehran] خطا در دیتابیس: SQLSTATE[42S22]: Column not found: 1054 Unknown column 'DATE(created_at)' in 'where clause'
[20-Mar-2025 12:26:32 Asia/Tehran] خطا در دیتابیس: SQLSTATE[42S22]: Column not found: 1054 Unknown column 'DATE(created_at)' in 'where clause'
[20-Mar-2025 12:26:32 Asia/Tehran] خطا در دیتابیس: SQLSTATE[42S22]: Column not found: 1054 Unknown column 'DATE(created_at)' in 'where clause'
[20-Mar-2025 12:26:32 Asia/Tehran] خطا در دیتابیس: SQLSTATE[42S22]: Column not found: 1054 Unknown column 'DATE(created_at)' in 'where clause'
[20-Mar-2025 12:26:32 Asia/Tehran] خطا در دیتابیس: SQLSTATE[42S22]: Column not found: 1054 Unknown column 'DATE(created_at)' in 'where clause'
[20-Mar-2025 12:26:32 Asia/Tehran] خطا در دیتابیس: SQLSTATE[42S22]: Column not found: 1054 Unknown column 'DATE(created_at)' in 'where clause'
[20-Mar-2025 12:26:32 Asia/Tehran] خطا در دیتابیس: SQLSTATE[42S22]: Column not found: 1054 Unknown column 'DATE(created_at)' in 'where clause'
[20-Mar-2025 12:26:32 Asia/Tehran] خطا در دیتابیس: SQLSTATE[42S22]: Column not found: 1054 Unknown column 'stock' in 'where clause'
[20-Mar-2025 12:26:32 Asia/Tehran] خطا در دیتابیس: SQLSTATE[42S22]: Column not found: 1054 Unknown column 'stock' in 'where clause'
[20-Mar-2025 12:26:32 Asia/Tehran] خطا در دیتابیس: SQLSTATE[42S22]: Column not found: 1054 Unknown column 'DATE(created_at)' in 'where clause'
[20-Mar-2025 12:26:32 Asia/Tehran] خطا در دیتابیس: SQLSTATE[42S22]: Column not found: 1054 Unknown column 'status' in 'where clause'
[20-Mar-2025 12:26:32 Asia/Tehran] خطا در دیتابیس: SQLSTATE[42S22]: Column not found: 1054 Unknown column 'stock' in 'where clause'
[20-Mar-2025 12:27:29 Asia/Tehran] خطا در دیتابیس: SQLSTATE[42S22]: Column not found: 1054 Unknown column 'DATE(created_at)' in 'where clause'
[20-Mar-2025 12:27:29 Asia/Tehran] خطا در دیتابیس: SQLSTATE[42S22]: Column not found: 1054 Unknown column 'DATE(created_at)' in 'where clause'
[20-Mar-2025 12:27:29 Asia/Tehran] خطا در دیتابیس: SQLSTATE[42S22]: Column not found: 1054 Unknown column 'DATE(created_at)' in 'where clause'
[20-Mar-2025 12:27:29 Asia/Tehran] خطا در دیتابیس: SQLSTATE[42S22]: Column not found: 1054 Unknown column 'DATE(created_at)' in 'where clause'
[20-Mar-2025 12:27:29 Asia/Tehran] خطا در دیتابیس: SQLSTATE[42S22]: Column not found: 1054 Unknown column 'DATE(created_at)' in 'where clause'
[20-Mar-2025 12:27:29 Asia/Tehran] خطا در دیتابیس: SQLSTATE[42S22]: Column not found: 1054 Unknown column 'DATE(created_at)' in 'where clause'
[20-Mar-2025 12:27:29 Asia/Tehran] خطا در دیتابیس: SQLSTATE[42S22]: Column not found: 1054 Unknown column 'DATE(created_at)' in 'where clause'
[20-Mar-2025 12:27:29 Asia/Tehran] خطا در دیتابیس: SQLSTATE[42S22]: Column not found: 1054 Unknown column 'stock' in 'where clause'
[20-Mar-2025 12:27:29 Asia/Tehran] خطا در دیتابیس: SQLSTATE[42S22]: Column not found: 1054 Unknown column 'stock' in 'where clause'
[20-Mar-2025 12:27:29 Asia/Tehran] خطا در دیتابیس: SQLSTATE[42S22]: Column not found: 1054 Unknown column 'DATE(created_at)' in 'where clause'
[20-Mar-2025 12:27:29 Asia/Tehran] خطا در دیتابیس: SQLSTATE[42S22]: Column not found: 1054 Unknown column 'status' in 'where clause'
[20-Mar-2025 12:27:29 Asia/Tehran] خطا در دیتابیس: SQLSTATE[42S22]: Column not found: 1054 Unknown column 'stock' in 'where clause'
[20-Mar-2025 12:27:32 Asia/Tehran] خطا در دیتابیس: SQLSTATE[42S22]: Column not found: 1054 Unknown column 'DATE(created_at)' in 'where clause'
[20-Mar-2025 12:27:32 Asia/Tehran] خطا در دیتابیس: SQLSTATE[42S22]: Column not found: 1054 Unknown column 'DATE(created_at)' in 'where clause'
[20-Mar-2025 12:27:32 Asia/Tehran] خطا در دیتابیس: SQLSTATE[42S22]: Column not found: 1054 Unknown column 'DATE(created_at)' in 'where clause'
[20-Mar-2025 12:27:32 Asia/Tehran] خطا در دیتابیس: SQLSTATE[42S22]: Column not found: 1054 Unknown column 'DATE(created_at)' in 'where clause'
[20-Mar-2025 12:27:32 Asia/Tehran] خطا در دیتابیس: SQLSTATE[42S22]: Column not found: 1054 Unknown column 'DATE(created_at)' in 'where clause'
[20-Mar-2025 12:27:32 Asia/Tehran] خطا در دیتابیس: SQLSTATE[42S22]: Column not found: 1054 Unknown column 'DATE(created_at)' in 'where clause'
[20-Mar-2025 12:27:32 Asia/Tehran] خطا در دیتابیس: SQLSTATE[42S22]: Column not found: 1054 Unknown column 'DATE(created_at)' in 'where clause'
[20-Mar-2025 12:27:32 Asia/Tehran] خطا در دیتابیس: SQLSTATE[42S22]: Column not found: 1054 Unknown column 'stock' in 'where clause'
[20-Mar-2025 12:27:32 Asia/Tehran] خطا در دیتابیس: SQLSTATE[42S22]: Column not found: 1054 Unknown column 'stock' in 'where clause'
[20-Mar-2025 12:27:32 Asia/Tehran] خطا در دیتابیس: SQLSTATE[42S22]: Column not found: 1054 Unknown column 'DATE(created_at)' in 'where clause'
[20-Mar-2025 12:27:32 Asia/Tehran] خطا در دیتابیس: SQLSTATE[42S22]: Column not found: 1054 Unknown column 'status' in 'where clause'
[20-Mar-2025 12:27:32 Asia/Tehran] خطا در دیتابیس: SQLSTATE[42S22]: Column not found: 1054 Unknown column 'stock' in 'where clause'
[20-Mar-2025 14:02:58 Asia/Tehran] خطا در دیتابیس: SQLSTATE[42S22]: Column not found: 1054 Unknown column 'DATE(created_at)' in 'where clause'
[20-Mar-2025 14:02:58 Asia/Tehran] خطا در دیتابیس: SQLSTATE[42S22]: Column not found: 1054 Unknown column 'DATE(created_at)' in 'where clause'
[20-Mar-2025 14:02:58 Asia/Tehran] خطا در دیتابیس: SQLSTATE[42S22]: Column not found: 1054 Unknown column 'DATE(created_at)' in 'where clause'
[20-Mar-2025 14:02:58 Asia/Tehran] خطا در دیتابیس: SQLSTATE[42S22]: Column not found: 1054 Unknown column 'DATE(created_at)' in 'where clause'
[20-Mar-2025 14:02:58 Asia/Tehran] خطا در دیتابیس: SQLSTATE[42S22]: Column not found: 1054 Unknown column 'DATE(created_at)' in 'where clause'
[20-Mar-2025 14:02:58 Asia/Tehran] خطا در دیتابیس: SQLSTATE[42S22]: Column not found: 1054 Unknown column 'DATE(created_at)' in 'where clause'
[20-Mar-2025 14:02:58 Asia/Tehran] خطا در دیتابیس: SQLSTATE[42S22]: Column not found: 1054 Unknown column 'DATE(created_at)' in 'where clause'
[20-Mar-2025 14:02:58 Asia/Tehran] خطا در دیتابیس: SQLSTATE[42S22]: Column not found: 1054 Unknown column 'stock' in 'where clause'
[20-Mar-2025 14:02:58 Asia/Tehran] خطا در دیتابیس: SQLSTATE[42S22]: Column not found: 1054 Unknown column 'stock' in 'where clause'
[20-Mar-2025 14:02:58 Asia/Tehran] خطا در دیتابیس: SQLSTATE[42S22]: Column not found: 1054 Unknown column 'DATE(created_at)' in 'where clause'
[20-Mar-2025 14:02:58 Asia/Tehran] خطا در دیتابیس: SQLSTATE[42S22]: Column not found: 1054 Unknown column 'status' in 'where clause'
[20-Mar-2025 14:02:58 Asia/Tehran] خطا در دیتابیس: SQLSTATE[42S22]: Column not found: 1054 Unknown column 'stock' in 'where clause'
[20-Mar-2025 14:03:01 Asia/Tehran] خطا در دیتابیس: SQLSTATE[42S22]: Column not found: 1054 Unknown column 'DATE(created_at)' in 'where clause'
[20-Mar-2025 14:03:01 Asia/Tehran] خطا در دیتابیس: SQLSTATE[42S22]: Column not found: 1054 Unknown column 'DATE(created_at)' in 'where clause'
[20-Mar-2025 14:03:01 Asia/Tehran] خطا در دیتابیس: SQLSTATE[42S22]: Column not found: 1054 Unknown column 'DATE(created_at)' in 'where clause'
[20-Mar-2025 14:03:01 Asia/Tehran] خطا در دیتابیس: SQLSTATE[42S22]: Column not found: 1054 Unknown column 'DATE(created_at)' in 'where clause'
[20-Mar-2025 14:03:01 Asia/Tehran] خطا در دیتابیس: SQLSTATE[42S22]: Column not found: 1054 Unknown column 'DATE(created_at)' in 'where clause'
[20-Mar-2025 14:03:01 Asia/Tehran] خطا در دیتابیس: SQLSTATE[42S22]: Column not found: 1054 Unknown column 'DATE(created_at)' in 'where clause'
[20-Mar-2025 14:03:01 Asia/Tehran] خطا در دیتابیس: SQLSTATE[42S22]: Column not found: 1054 Unknown column 'DATE(created_at)' in 'where clause'
[20-Mar-2025 14:03:01 Asia/Tehran] خطا در دیتابیس: SQLSTATE[42S22]: Column not found: 1054 Unknown column 'stock' in 'where clause'
[20-Mar-2025 14:03:01 Asia/Tehran] خطا در دیتابیس: SQLSTATE[42S22]: Column not found: 1054 Unknown column 'stock' in 'where clause'
[20-Mar-2025 14:03:01 Asia/Tehran] خطا در دیتابیس: SQLSTATE[42S22]: Column not found: 1054 Unknown column 'DATE(created_at)' in 'where clause'
[20-Mar-2025 14:03:01 Asia/Tehran] خطا در دیتابیس: SQLSTATE[42S22]: Column not found: 1054 Unknown column 'status' in 'where clause'
[20-Mar-2025 14:03:01 Asia/Tehran] خطا در دیتابیس: SQLSTATE[42S22]: Column not found: 1054 Unknown column 'stock' in 'where clause'
[20-Mar-2025 14:03:04 Asia/Tehran] خطا در دیتابیس: SQLSTATE[42S22]: Column not found: 1054 Unknown column 'DATE(created_at)' in 'where clause'
[20-Mar-2025 14:03:04 Asia/Tehran] خطا در دیتابیس: SQLSTATE[42S22]: Column not found: 1054 Unknown column 'DATE(created_at)' in 'where clause'
[20-Mar-2025 14:03:04 Asia/Tehran] خطا در دیتابیس: SQLSTATE[42S22]: Column not found: 1054 Unknown column 'DATE(created_at)' in 'where clause'
[20-Mar-2025 14:03:04 Asia/Tehran] خطا در دیتابیس: SQLSTATE[42S22]: Column not found: 1054 Unknown column 'DATE(created_at)' in 'where clause'
[20-Mar-2025 14:03:04 Asia/Tehran] خطا در دیتابیس: SQLSTATE[42S22]: Column not found: 1054 Unknown column 'DATE(created_at)' in 'where clause'
[20-Mar-2025 14:03:04 Asia/Tehran] خطا در دیتابیس: SQLSTATE[42S22]: Column not found: 1054 Unknown column 'DATE(created_at)' in 'where clause'
[20-Mar-2025 14:03:04 Asia/Tehran] خطا در دیتابیس: SQLSTATE[42S22]: Column not found: 1054 Unknown column 'DATE(created_at)' in 'where clause'
[20-Mar-2025 14:03:04 Asia/Tehran] خطا در دیتابیس: SQLSTATE[42S22]: Column not found: 1054 Unknown column 'stock' in 'where clause'
[20-Mar-2025 14:03:04 Asia/Tehran] خطا در دیتابیس: SQLSTATE[42S22]: Column not found: 1054 Unknown column 'stock' in 'where clause'
[20-Mar-2025 14:03:04 Asia/Tehran] خطا در دیتابیس: SQLSTATE[42S22]: Column not found: 1054 Unknown column 'DATE(created_at)' in 'where clause'
[20-Mar-2025 14:03:04 Asia/Tehran] خطا در دیتابیس: SQLSTATE[42S22]: Column not found: 1054 Unknown column 'status' in 'where clause'
[20-Mar-2025 14:03:04 Asia/Tehran] خطا در دیتابیس: SQLSTATE[42S22]: Column not found: 1054 Unknown column 'stock' in 'where clause'
[20-Mar-2025 14:03:37 Asia/Tehran] خطا در دیتابیس: SQLSTATE[42S22]: Column not found: 1054 Unknown column 'DATE(created_at)' in 'where clause'
[20-Mar-2025 14:03:37 Asia/Tehran] خطا در دیتابیس: SQLSTATE[42S22]: Column not found: 1054 Unknown column 'DATE(created_at)' in 'where clause'
[20-Mar-2025 14:03:37 Asia/Tehran] خطا در دیتابیس: SQLSTATE[42S22]: Column not found: 1054 Unknown column 'DATE(created_at)' in 'where clause'
[20-Mar-2025 14:03:37 Asia/Tehran] خطا در دیتابیس: SQLSTATE[42S22]: Column not found: 1054 Unknown column 'DATE(created_at)' in 'where clause'
[20-Mar-2025 14:03:37 Asia/Tehran] خطا در دیتابیس: SQLSTATE[42S22]: Column not found: 1054 Unknown column 'DATE(created_at)' in 'where clause'
[20-Mar-2025 14:03:37 Asia/Tehran] خطا در دیتابیس: SQLSTATE[42S22]: Column not found: 1054 Unknown column 'DATE(created_at)' in 'where clause'
[20-Mar-2025 14:03:37 Asia/Tehran] خطا در دیتابیس: SQLSTATE[42S22]: Column not found: 1054 Unknown column 'DATE(created_at)' in 'where clause'
[20-Mar-2025 14:03:37 Asia/Tehran] خطا در دیتابیس: SQLSTATE[42S22]: Column not found: 1054 Unknown column 'stock' in 'where clause'
[20-Mar-2025 14:03:37 Asia/Tehran] خطا در دیتابیس: SQLSTATE[42S22]: Column not found: 1054 Unknown column 'stock' in 'where clause'
[20-Mar-2025 14:03:37 Asia/Tehran] خطا در دیتابیس: SQLSTATE[42S22]: Column not found: 1054 Unknown column 'DATE(created_at)' in 'where clause'
[20-Mar-2025 14:03:37 Asia/Tehran] خطا در دیتابیس: SQLSTATE[42S22]: Column not found: 1054 Unknown column 'status' in 'where clause'
[20-Mar-2025 14:03:37 Asia/Tehran] خطا در دیتابیس: SQLSTATE[42S22]: Column not found: 1054 Unknown column 'stock' in 'where clause'
[20-Mar-2025 14:03:48 Asia/Tehran] خطا در دریافت اطلاعات بروزرسانی. کد خطا: 0
[20-Mar-2025 14:03:48 Asia/Tehran] خطا در دیتابیس: SQLSTATE[42S22]: Column not found: 1054 Unknown column 'DATE(created_at)' in 'where clause'
[20-Mar-2025 14:03:48 Asia/Tehran] خطا در دیتابیس: SQLSTATE[42S22]: Column not found: 1054 Unknown column 'DATE(created_at)' in 'where clause'
[20-Mar-2025 14:03:48 Asia/Tehran] خطا در دیتابیس: SQLSTATE[42S22]: Column not found: 1054 Unknown column 'DATE(created_at)' in 'where clause'
[20-Mar-2025 14:03:48 Asia/Tehran] خطا در دیتابیس: SQLSTATE[42S22]: Column not found: 1054 Unknown column 'DATE(created_at)' in 'where clause'
[20-Mar-2025 14:03:48 Asia/Tehran] خطا در دیتابیس: SQLSTATE[42S22]: Column not found: 1054 Unknown column 'DATE(created_at)' in 'where clause'
[20-Mar-2025 14:03:48 Asia/Tehran] خطا در دیتابیس: SQLSTATE[42S22]: Column not found: 1054 Unknown column 'DATE(created_at)' in 'where clause'
[20-Mar-2025 14:03:48 Asia/Tehran] خطا در دیتابیس: SQLSTATE[42S22]: Column not found: 1054 Unknown column 'DATE(created_at)' in 'where clause'
[20-Mar-2025 14:03:48 Asia/Tehran] خطا در دیتابیس: SQLSTATE[42S22]: Column not found: 1054 Unknown column 'stock' in 'where clause'
[20-Mar-2025 14:03:48 Asia/Tehran] خطا در دیتابیس: SQLSTATE[42S22]: Column not found: 1054 Unknown column 'stock' in 'where clause'
[20-Mar-2025 14:03:48 Asia/Tehran] خطا در دیتابیس: SQLSTATE[42S22]: Column not found: 1054 Unknown column 'DATE(created_at)' in 'where clause'
[20-Mar-2025 14:03:48 Asia/Tehran] خطا در دیتابیس: SQLSTATE[42S22]: Column not found: 1054 Unknown column 'status' in 'where clause'
[20-Mar-2025 14:03:48 Asia/Tehran] خطا در دیتابیس: SQLSTATE[42S22]: Column not found: 1054 Unknown column 'stock' in 'where clause'
[20-Mar-2025 14:03:48 Asia/Tehran] خطا در دیتابیس: SQLSTATE[42S22]: Column not found: 1054 Unknown column 'DATE(created_at)' in 'where clause'
[20-Mar-2025 14:03:48 Asia/Tehran] خطا در دیتابیس: SQLSTATE[42S22]: Column not found: 1054 Unknown column 'DATE(created_at)' in 'where clause'
[20-Mar-2025 14:03:48 Asia/Tehran] خطا در دیتابیس: SQLSTATE[42S22]: Column not found: 1054 Unknown column 'DATE(created_at)' in 'where clause'
[20-Mar-2025 14:03:48 Asia/Tehran] خطا در دیتابیس: SQLSTATE[42S22]: Column not found: 1054 Unknown column 'DATE(created_at)' in 'where clause'
[20-Mar-2025 14:03:48 Asia/Tehran] خطا در دیتابیس: SQLSTATE[42S22]: Column not found: 1054 Unknown column 'DATE(created_at)' in 'where clause'
[20-Mar-2025 14:03:48 Asia/Tehran] خطا در دیتابیس: SQLSTATE[42S22]: Column not found: 1054 Unknown column 'DATE(created_at)' in 'where clause'
[20-Mar-2025 14:03:48 Asia/Tehran] خطا در دیتابیس: SQLSTATE[42S22]: Column not found: 1054 Unknown column 'DATE(created_at)' in 'where clause'
[20-Mar-2025 14:03:48 Asia/Tehran] خطا در دیتابیس: SQLSTATE[42S22]: Column not found: 1054 Unknown column 'stock' in 'where clause'
[20-Mar-2025 14:03:48 Asia/Tehran] خطا در دیتابیس: SQLSTATE[42S22]: Column not found: 1054 Unknown column 'stock' in 'where clause'
[20-Mar-2025 14:03:48 Asia/Tehran] خطا در دیتابیس: SQLSTATE[42S22]: Column not found: 1054 Unknown column 'DATE(created_at)' in 'where clause'
[20-Mar-2025 14:03:48 Asia/Tehran] خطا در دیتابیس: SQLSTATE[42S22]: Column not found: 1054 Unknown column 'status' in 'where clause'
[20-Mar-2025 14:03:48 Asia/Tehran] خطا در دیتابیس: SQLSTATE[42S22]: Column not found: 1054 Unknown column 'stock' in 'where clause'
[20-Mar-2025 14:14:30 Asia/Tehran] PHP Fatal error:  Uncaught Error: Call to undefined function db_get_row() in C:\xampp\htdocs\shop_accounting\dashboard.php:24
Stack trace:
#0 {main}
  thrown in C:\xampp\htdocs\shop_accounting\dashboard.php on line 24
[20-Mar-2025 17:22:38 Asia/Tehran] PHP Fatal error:  Uncaught Error: Call to undefined function db_get_row() in C:\xampp\htdocs\shop_accounting\dashboard.php:24
Stack trace:
#0 {main}
  thrown in C:\xampp\htdocs\shop_accounting\dashboard.php on line 24
[20-Mar-2025 17:25:40 Asia/Tehran] PHP Fatal error:  Uncaught Error: Call to undefined function db_get_row() in C:\xampp\htdocs\shop_accounting\dashboard.php:24
Stack trace:
#0 {main}
  thrown in C:\xampp\htdocs\shop_accounting\dashboard.php on line 24
[20-Mar-2025 18:28:42 Asia/Tehran] PHP Fatal error:  Uncaught Error: Call to undefined function db_get_row() in C:\xampp\htdocs\shop_accounting\dashboard.php:24
Stack trace:
#0 {main}
  thrown in C:\xampp\htdocs\shop_accounting\dashboard.php on line 24
[20-Mar-2025 18:37:14 Asia/Tehran] SQLSTATE[42S22]: Column not found: 1054 Unknown column 'status' in 'where clause'
[20-Mar-2025 18:37:14 Asia/Tehran] SQLSTATE[42S22]: Column not found: 1054 Unknown column 'status' in 'where clause'
[20-Mar-2025 18:37:14 Asia/Tehran] SQLSTATE[42S22]: Column not found: 1054 Unknown column 'status' in 'where clause'
[20-Mar-2025 18:37:14 Asia/Tehran] SQLSTATE[42S22]: Column not found: 1054 Unknown column 'status' in 'where clause'
[20-Mar-2025 18:37:14 Asia/Tehran] SQLSTATE[42S22]: Column not found: 1054 Unknown column 'status' in 'where clause'
[20-Mar-2025 18:37:14 Asia/Tehran] SQLSTATE[42S22]: Column not found: 1054 Unknown column 'status' in 'where clause'
[20-Mar-2025 18:37:14 Asia/Tehran] SQLSTATE[42S22]: Column not found: 1054 Unknown column 'status' in 'where clause'
[20-Mar-2025 18:37:14 Asia/Tehran] PHP Fatal error:  Uncaught Error: Call to undefined function get_dashboard_stats() in C:\xampp\htdocs\shop_accounting\dashboard.php:34
Stack trace:
#0 {main}
  thrown in C:\xampp\htdocs\shop_accounting\dashboard.php on line 34
